{
  "stats": {
    "suites": 13,
    "tests": 25,
    "passes": 17,
    "pending": 8,
    "failures": 0,
    "start": "2023-04-11T13:14:04.254Z",
    "end": "2023-04-11T13:14:11.540Z",
    "duration": 7286,
    "testsRegistered": 25,
    "passPercent": 100,
    "pendingPercent": 32,
    "other": 0,
    "hasOther": false,
    "skipped": 0,
    "hasSkipped": false
  },
  "results": [
    {
      "uuid": "7b5e0026-38b4-43fc-ae53-14334940da56",
      "title": "",
      "fullFile": "",
      "file": "",
      "beforeHooks": [],
      "afterHooks": [],
      "tests": [],
      "suites": [
        {
          "uuid": "d4ae87a0-7fb7-4bb5-986e-ed4d2123cc0f",
          "title": "Users",
          "fullFile": "C:\\Users\\A\\Documents\\Test Automation\\automation with supertest\\test\\1. users.js",
          "file": "\\test\\1. users.js",
          "beforeHooks": [],
          "afterHooks": [],
          "tests": [
            {
              "title": "GET /users",
              "fullTitle": "Users GET /users",
              "timedOut": false,
              "duration": 0,
              "state": "pending",
              "speed": null,
              "pass": false,
              "fail": false,
              "pending": true,
              "context": null,
              "code": "",
              "err": {},
              "uuid": "67d63f37-04f3-40c4-b468-60083c3659dc",
              "parentUUID": "d4ae87a0-7fb7-4bb5-986e-ed4d2123cc0f",
              "isHook": false,
              "skipped": false
            },
            {
              "title": "GET /users 2nd option",
              "fullTitle": "Users GET /users 2nd option",
              "timedOut": false,
              "duration": 0,
              "state": "pending",
              "speed": null,
              "pass": false,
              "fail": false,
              "pending": true,
              "context": null,
              "code": "",
              "err": {},
              "uuid": "c82fe9fc-52da-4dfc-b3ea-c60d72b55c45",
              "parentUUID": "d4ae87a0-7fb7-4bb5-986e-ed4d2123cc0f",
              "isHook": false,
              "skipped": false
            },
            {
              "title": "GET first ID",
              "fullTitle": "Users GET first ID",
              "timedOut": false,
              "duration": 0,
              "state": "pending",
              "speed": null,
              "pass": false,
              "fail": false,
              "pending": true,
              "context": null,
              "code": "",
              "err": {},
              "uuid": "5cccfe36-d316-4ebc-95be-eeaaba3345c4",
              "parentUUID": "d4ae87a0-7fb7-4bb5-986e-ed4d2123cc0f",
              "isHook": false,
              "skipped": false
            },
            {
              "title": "GET /users/:id",
              "fullTitle": "Users GET /users/:id",
              "timedOut": false,
              "duration": 0,
              "state": "pending",
              "speed": null,
              "pass": false,
              "fail": false,
              "pending": true,
              "context": null,
              "code": "",
              "err": {},
              "uuid": "23d4a515-c1d9-4e10-93ad-497db67e1052",
              "parentUUID": "d4ae87a0-7fb7-4bb5-986e-ed4d2123cc0f",
              "isHook": false,
              "skipped": false
            },
            {
              "title": "GET /users with query params",
              "fullTitle": "Users GET /users with query params",
              "timedOut": false,
              "duration": 0,
              "state": "pending",
              "speed": null,
              "pass": false,
              "fail": false,
              "pending": true,
              "context": null,
              "code": "",
              "err": {},
              "uuid": "34ea93b4-6be2-4d77-84f7-50a91167ef9d",
              "parentUUID": "d4ae87a0-7fb7-4bb5-986e-ed4d2123cc0f",
              "isHook": false,
              "skipped": false
            },
            {
              "title": "Post /users",
              "fullTitle": "Users Post /users",
              "timedOut": false,
              "duration": 0,
              "state": "pending",
              "speed": null,
              "pass": false,
              "fail": false,
              "pending": true,
              "context": null,
              "code": "",
              "err": {},
              "uuid": "f20884be-b065-417d-9ded-ffe60ae1a0a3",
              "parentUUID": "d4ae87a0-7fb7-4bb5-986e-ed4d2123cc0f",
              "isHook": false,
              "skipped": false
            },
            {
              "title": "PUT /users/:id",
              "fullTitle": "Users PUT /users/:id",
              "timedOut": false,
              "duration": 0,
              "state": "pending",
              "speed": null,
              "pass": false,
              "fail": false,
              "pending": true,
              "context": null,
              "code": "",
              "err": {},
              "uuid": "07a4b840-18ae-45b1-aea8-059e2bccd229",
              "parentUUID": "d4ae87a0-7fb7-4bb5-986e-ed4d2123cc0f",
              "isHook": false,
              "skipped": false
            },
            {
              "title": "DELETE user",
              "fullTitle": "Users DELETE user",
              "timedOut": false,
              "duration": 0,
              "state": "pending",
              "speed": null,
              "pass": false,
              "fail": false,
              "pending": true,
              "context": null,
              "code": "",
              "err": {},
              "uuid": "05444195-1e44-4b89-ae8e-7b418ea01ac4",
              "parentUUID": "d4ae87a0-7fb7-4bb5-986e-ed4d2123cc0f",
              "isHook": false,
              "skipped": false
            }
          ],
          "suites": [],
          "passes": [],
          "failures": [],
          "pending": [
            "67d63f37-04f3-40c4-b468-60083c3659dc",
            "c82fe9fc-52da-4dfc-b3ea-c60d72b55c45",
            "5cccfe36-d316-4ebc-95be-eeaaba3345c4",
            "23d4a515-c1d9-4e10-93ad-497db67e1052",
            "34ea93b4-6be2-4d77-84f7-50a91167ef9d",
            "f20884be-b065-417d-9ded-ffe60ae1a0a3",
            "07a4b840-18ae-45b1-aea8-059e2bccd229",
            "05444195-1e44-4b89-ae8e-7b418ea01ac4"
          ],
          "skipped": [],
          "duration": 0,
          "root": false,
          "rootEmpty": false,
          "_timeout": 5000
        },
        {
          "uuid": "5ec97279-8886-4e4d-b9de-b679fb88ed4e",
          "title": "Users",
          "fullFile": "C:\\Users\\A\\Documents\\Test Automation\\automation with supertest\\test\\2. users-advanced.js",
          "file": "\\test\\2. users-advanced.js",
          "beforeHooks": [],
          "afterHooks": [],
          "tests": [],
          "suites": [
            {
              "uuid": "cad91b33-3a1e-4fc8-9fc4-270b77f911ac",
              "title": "POST",
              "fullFile": "C:\\Users\\A\\Documents\\Test Automation\\automation with supertest\\test\\2. users-advanced.js",
              "file": "\\test\\2. users-advanced.js",
              "beforeHooks": [],
              "afterHooks": [],
              "tests": [
                {
                  "title": "/users",
                  "fullTitle": "Users POST /users",
                  "timedOut": false,
                  "duration": 648,
                  "state": "passed",
                  "speed": "slow",
                  "pass": true,
                  "fail": false,
                  "pending": false,
                  "context": null,
                  "code": "var data = {\n  email: \"asaas\".concat(Math.floor(Math.random() * 9999), \"@edede.ee\"),\n  name: 'eefeded',\n  gender: 'male',\n  status: 'inactive'\n};\nreturn request.post('users').set('Authorization', \"Bearer \".concat(TOKEN)).send(data).then(function (res) {\n  (0, _chai.expect)(res.body.data.email).to.eq(data.email);\n  (0, _chai.expect)(res.body.data.status).to.eq(data.status);\n  (0, _chai.expect)(res.body.data).to.deep.include(data); //cia kai patikriname visa bloka informcijos\n  console.log(res.body);\n  userId = res.body.data.id;\n  console.log(userId);\n});",
                  "err": {},
                  "uuid": "f3c29712-26b1-4c5c-939f-c212ac0bdd8b",
                  "parentUUID": "cad91b33-3a1e-4fc8-9fc4-270b77f911ac",
                  "isHook": false,
                  "skipped": false
                }
              ],
              "suites": [],
              "passes": [
                "f3c29712-26b1-4c5c-939f-c212ac0bdd8b"
              ],
              "failures": [],
              "pending": [],
              "skipped": [],
              "duration": 648,
              "root": false,
              "rootEmpty": false,
              "_timeout": 5000
            },
            {
              "uuid": "08eb54df-6b5a-4007-88ae-08f087e431c7",
              "title": "GET",
              "fullFile": "C:\\Users\\A\\Documents\\Test Automation\\automation with supertest\\test\\2. users-advanced.js",
              "file": "\\test\\2. users-advanced.js",
              "beforeHooks": [],
              "afterHooks": [],
              "tests": [
                {
                  "title": "/users 2nd option",
                  "fullTitle": "Users GET /users 2nd option",
                  "timedOut": false,
                  "duration": 576,
                  "state": "passed",
                  "speed": "slow",
                  "pass": true,
                  "fail": false,
                  "pending": false,
                  "context": null,
                  "code": "return request.get(\"users?access-token=\".concat(TOKEN)).then(function (res) {\n  (0, _chai.expect)(res.body.data).to.not.be.empty;\n});",
                  "err": {},
                  "uuid": "8f0dc5d5-6f31-4006-a255-464c056c8b31",
                  "parentUUID": "08eb54df-6b5a-4007-88ae-08f087e431c7",
                  "isHook": false,
                  "skipped": false
                },
                {
                  "title": "first ID available",
                  "fullTitle": "Users GET first ID available",
                  "timedOut": false,
                  "duration": 273,
                  "state": "passed",
                  "speed": "slow",
                  "pass": true,
                  "fail": false,
                  "pending": false,
                  "context": null,
                  "code": "return request.get(\"users/?access-token=\".concat(TOKEN)).then(function (res) {\n  console.log(res.body.data[0].id);\n});",
                  "err": {},
                  "uuid": "e84e5748-8032-471d-8d21-4156bb87277a",
                  "parentUUID": "08eb54df-6b5a-4007-88ae-08f087e431c7",
                  "isHook": false,
                  "skipped": false
                },
                {
                  "title": "/users/:id",
                  "fullTitle": "Users GET /users/:id",
                  "timedOut": false,
                  "duration": 240,
                  "state": "passed",
                  "speed": "slow",
                  "pass": true,
                  "fail": false,
                  "pending": false,
                  "context": null,
                  "code": "return request.get(\"users/\".concat(userId, \"?access-token=\").concat(TOKEN)).then(function (res) {\n  //console.log(res.body);\n  (0, _chai.expect)(res.body.data.id).to.be.eq(userId);\n});",
                  "err": {},
                  "uuid": "646cbbc0-dbb8-40dd-a4a5-da9ea9798bdd",
                  "parentUUID": "08eb54df-6b5a-4007-88ae-08f087e431c7",
                  "isHook": false,
                  "skipped": false
                },
                {
                  "title": "/users with query params",
                  "fullTitle": "Users GET /users with query params",
                  "timedOut": false,
                  "duration": 603,
                  "state": "passed",
                  "speed": "slow",
                  "pass": true,
                  "fail": false,
                  "pending": false,
                  "context": null,
                  "code": "var url = \"users?access-token=\".concat(TOKEN, \"&gender=female&status=active\");\nreturn request.get(url).then(function (res) {\n  //console.log(res.body);\n  (0, _chai.expect)(res.body.data).to.not.be.empty;\n  res.body.data.forEach(function (data) {\n    (0, _chai.expect)(data.gender).to.eq('female');\n    (0, _chai.expect)(data.status).to.eq('active');\n  });\n});",
                  "err": {},
                  "uuid": "7ef38d26-0329-4ad8-8310-96479a0c6180",
                  "parentUUID": "08eb54df-6b5a-4007-88ae-08f087e431c7",
                  "isHook": false,
                  "skipped": false
                }
              ],
              "suites": [],
              "passes": [
                "8f0dc5d5-6f31-4006-a255-464c056c8b31",
                "e84e5748-8032-471d-8d21-4156bb87277a",
                "646cbbc0-dbb8-40dd-a4a5-da9ea9798bdd",
                "7ef38d26-0329-4ad8-8310-96479a0c6180"
              ],
              "failures": [],
              "pending": [],
              "skipped": [],
              "duration": 1692,
              "root": false,
              "rootEmpty": false,
              "_timeout": 5000
            },
            {
              "uuid": "1efd3ce9-622e-4a6a-b7c2-eb0d7db77d9b",
              "title": "PUT",
              "fullFile": "C:\\Users\\A\\Documents\\Test Automation\\automation with supertest\\test\\2. users-advanced.js",
              "file": "\\test\\2. users-advanced.js",
              "beforeHooks": [],
              "afterHooks": [],
              "tests": [
                {
                  "title": "/users/:id",
                  "fullTitle": "Users PUT /users/:id",
                  "timedOut": false,
                  "duration": 591,
                  "state": "passed",
                  "speed": "slow",
                  "pass": true,
                  "fail": false,
                  "pending": false,
                  "context": null,
                  "code": "var data = {\n  status: \"active\",\n  name: \"One + \".concat(Math.floor(Math.random() * 9999))\n};\nreturn request.put(\"users/\".concat(userId)).set('Authorization', \"Bearer \".concat(TOKEN)).send(data).then(function (res) {\n  console.log(res.body);\n  (0, _chai.expect)(res.body.data).to.deep.include(data);\n});",
                  "err": {},
                  "uuid": "9c81549e-23ca-4711-8f8c-1f79a532189b",
                  "parentUUID": "1efd3ce9-622e-4a6a-b7c2-eb0d7db77d9b",
                  "isHook": false,
                  "skipped": false
                }
              ],
              "suites": [],
              "passes": [
                "9c81549e-23ca-4711-8f8c-1f79a532189b"
              ],
              "failures": [],
              "pending": [],
              "skipped": [],
              "duration": 591,
              "root": false,
              "rootEmpty": false,
              "_timeout": 5000
            },
            {
              "uuid": "a1208a7b-c920-47f6-b47c-4f73b366f50c",
              "title": "DELETE",
              "fullFile": "C:\\Users\\A\\Documents\\Test Automation\\automation with supertest\\test\\2. users-advanced.js",
              "file": "\\test\\2. users-advanced.js",
              "beforeHooks": [],
              "afterHooks": [],
              "tests": [
                {
                  "title": "delete user",
                  "fullTitle": "Users DELETE delete user",
                  "timedOut": false,
                  "duration": 279,
                  "state": "passed",
                  "speed": "slow",
                  "pass": true,
                  "fail": false,
                  "pending": false,
                  "context": null,
                  "code": "return request[\"delete\"](\"users/\".concat(userId)).set('Authorization', \"Bearer \".concat(TOKEN)).then(function (res) {\n  console.log(res.body);\n  (0, _chai.expect)(res.body.data).to.be.eq(null);\n});",
                  "err": {},
                  "uuid": "974be87f-fb1f-4e5c-9a87-c37e24215581",
                  "parentUUID": "a1208a7b-c920-47f6-b47c-4f73b366f50c",
                  "isHook": false,
                  "skipped": false
                }
              ],
              "suites": [],
              "passes": [
                "974be87f-fb1f-4e5c-9a87-c37e24215581"
              ],
              "failures": [],
              "pending": [],
              "skipped": [],
              "duration": 279,
              "root": false,
              "rootEmpty": false,
              "_timeout": 5000
            }
          ],
          "passes": [],
          "failures": [],
          "pending": [],
          "skipped": [],
          "duration": 0,
          "root": false,
          "rootEmpty": false,
          "_timeout": 5000
        },
        {
          "uuid": "0ca4f42b-23d1-44b7-ab85-7be44be5c5e7",
          "title": "User Posts",
          "fullFile": "C:\\Users\\A\\Documents\\Test Automation\\automation with supertest\\test\\3. posts (with async await).js",
          "file": "\\test\\3. posts (with async await).js",
          "beforeHooks": [],
          "afterHooks": [],
          "tests": [
            {
              "title": "/posts",
              "fullTitle": "User Posts /posts",
              "timedOut": false,
              "duration": 528,
              "state": "passed",
              "speed": "slow",
              "pass": true,
              "fail": false,
              "pending": false,
              "context": null,
              "code": "var self = this,\n  args = arguments;\nreturn new Promise(function (resolve, reject) {\n  var gen = fn.apply(self, args);\n  function _next(value) {\n    asyncGeneratorStep(gen, resolve, reject, _next, _throw, \"next\", value);\n  }\n  function _throw(err) {\n    asyncGeneratorStep(gen, resolve, reject, _next, _throw, \"throw\", err);\n  }\n  _next(undefined);\n});",
              "err": {},
              "uuid": "fab137bc-5070-4379-9509-882f1dbeaf5a",
              "parentUUID": "0ca4f42b-23d1-44b7-ab85-7be44be5c5e7",
              "isHook": false,
              "skipped": false
            },
            {
              "title": "GET /posts/:id",
              "fullTitle": "User Posts GET /posts/:id",
              "timedOut": false,
              "duration": 556,
              "state": "passed",
              "speed": "slow",
              "pass": true,
              "fail": false,
              "pending": false,
              "context": null,
              "code": "var self = this,\n  args = arguments;\nreturn new Promise(function (resolve, reject) {\n  var gen = fn.apply(self, args);\n  function _next(value) {\n    asyncGeneratorStep(gen, resolve, reject, _next, _throw, \"next\", value);\n  }\n  function _throw(err) {\n    asyncGeneratorStep(gen, resolve, reject, _next, _throw, \"throw\", err);\n  }\n  _next(undefined);\n});",
              "err": {},
              "uuid": "9fc75cab-f002-4376-b243-9ca815856e76",
              "parentUUID": "0ca4f42b-23d1-44b7-ab85-7be44be5c5e7",
              "isHook": false,
              "skipped": false
            }
          ],
          "suites": [],
          "passes": [
            "fab137bc-5070-4379-9509-882f1dbeaf5a",
            "9fc75cab-f002-4376-b243-9ca815856e76"
          ],
          "failures": [],
          "pending": [],
          "skipped": [],
          "duration": 1084,
          "root": false,
          "rootEmpty": false,
          "_timeout": 5000
        },
        {
          "uuid": "cc35e016-3536-4f47-bc04-0349a3d3bc48",
          "title": "User Posts",
          "fullFile": "C:\\Users\\A\\Documents\\Test Automation\\automation with supertest\\test\\4. posts (with async await and hooks).js",
          "file": "\\test\\4. posts (with async await and hooks).js",
          "beforeHooks": [
            {
              "title": "\"before all\" hook in \"User Posts\"",
              "fullTitle": "User Posts \"before all\" hook in \"User Posts\"",
              "timedOut": false,
              "duration": 273,
              "state": null,
              "speed": null,
              "pass": false,
              "fail": false,
              "pending": false,
              "context": null,
              "code": "var userData = {\n  email: \"asaas\".concat(Math.floor(Math.random() * 9999), \"@edede.ee\"),\n  name: 'eefeded',\n  gender: 'male',\n  status: 'inactive'\n};\nreturn request.post('users').set('Authorization', \"Bearer \".concat(TOKEN)).send(userData).then( /*#__PURE__*/function () {\n  var _ref = (0, _asyncToGenerator2[\"default\"])( /*#__PURE__*/_regenerator[\"default\"].mark(function _callee(res) {\n    return _regenerator[\"default\"].wrap(function _callee$(_context) {\n      while (1) switch (_context.prev = _context.next) {\n        case 0:\n          (0, _chai.expect)(res.body.data).to.deep.include(userData);\n          userId = res.body.data.id;\n        case 2:\n        case \"end\":\n          return _context.stop();\n      }\n    }, _callee);\n  }));\n  return function (_x) {\n    return _ref.apply(this, arguments);\n  };\n}());",
              "err": {},
              "uuid": "a49d17fa-0d37-468e-92ac-402207575b1d",
              "parentUUID": "cc35e016-3536-4f47-bc04-0349a3d3bc48",
              "isHook": true,
              "skipped": false
            }
          ],
          "afterHooks": [],
          "tests": [
            {
              "title": "/posts",
              "fullTitle": "User Posts /posts",
              "timedOut": false,
              "duration": 260,
              "state": "passed",
              "speed": "slow",
              "pass": true,
              "fail": false,
              "pending": false,
              "context": null,
              "code": "var self = this,\n  args = arguments;\nreturn new Promise(function (resolve, reject) {\n  var gen = fn.apply(self, args);\n  function _next(value) {\n    asyncGeneratorStep(gen, resolve, reject, _next, _throw, \"next\", value);\n  }\n  function _throw(err) {\n    asyncGeneratorStep(gen, resolve, reject, _next, _throw, \"throw\", err);\n  }\n  _next(undefined);\n});",
              "err": {},
              "uuid": "164ac6fd-5064-4f9e-810d-a372ecb3e5cb",
              "parentUUID": "cc35e016-3536-4f47-bc04-0349a3d3bc48",
              "isHook": false,
              "skipped": false
            },
            {
              "title": "GET /posts/:id",
              "fullTitle": "User Posts GET /posts/:id",
              "timedOut": false,
              "duration": 236,
              "state": "passed",
              "speed": "slow",
              "pass": true,
              "fail": false,
              "pending": false,
              "context": null,
              "code": "var self = this,\n  args = arguments;\nreturn new Promise(function (resolve, reject) {\n  var gen = fn.apply(self, args);\n  function _next(value) {\n    asyncGeneratorStep(gen, resolve, reject, _next, _throw, \"next\", value);\n  }\n  function _throw(err) {\n    asyncGeneratorStep(gen, resolve, reject, _next, _throw, \"throw\", err);\n  }\n  _next(undefined);\n});",
              "err": {},
              "uuid": "b630a3c5-af46-471d-9515-3cc23ebc1994",
              "parentUUID": "cc35e016-3536-4f47-bc04-0349a3d3bc48",
              "isHook": false,
              "skipped": false
            }
          ],
          "suites": [],
          "passes": [
            "164ac6fd-5064-4f9e-810d-a372ecb3e5cb",
            "b630a3c5-af46-471d-9515-3cc23ebc1994"
          ],
          "failures": [],
          "pending": [],
          "skipped": [],
          "duration": 496,
          "root": false,
          "rootEmpty": false,
          "_timeout": 5000
        },
        {
          "uuid": "0dd5f527-b541-4225-9642-23cc7f45e1be",
          "title": "User Posts",
          "fullFile": "C:\\Users\\A\\Documents\\Test Automation\\automation with supertest\\test\\5. posts (with async await, hooks and helper).js",
          "file": "\\test\\5. posts (with async await, hooks and helper).js",
          "beforeHooks": [
            {
              "title": "\"before all\" hook in \"User Posts\"",
              "fullTitle": "User Posts \"before all\" hook in \"User Posts\"",
              "timedOut": false,
              "duration": 259,
              "state": null,
              "speed": null,
              "pass": false,
              "fail": false,
              "pending": false,
              "context": null,
              "code": "var self = this,\n  args = arguments;\nreturn new Promise(function (resolve, reject) {\n  var gen = fn.apply(self, args);\n  function _next(value) {\n    asyncGeneratorStep(gen, resolve, reject, _next, _throw, \"next\", value);\n  }\n  function _throw(err) {\n    asyncGeneratorStep(gen, resolve, reject, _next, _throw, \"throw\", err);\n  }\n  _next(undefined);\n});",
              "err": {},
              "uuid": "5c933033-b9ca-473d-accd-494c2165c676",
              "parentUUID": "0dd5f527-b541-4225-9642-23cc7f45e1be",
              "isHook": true,
              "skipped": false
            }
          ],
          "afterHooks": [],
          "tests": [
            {
              "title": "/posts",
              "fullTitle": "User Posts /posts",
              "timedOut": false,
              "duration": 279,
              "state": "passed",
              "speed": "slow",
              "pass": true,
              "fail": false,
              "pending": false,
              "context": null,
              "code": "var self = this,\n  args = arguments;\nreturn new Promise(function (resolve, reject) {\n  var gen = fn.apply(self, args);\n  function _next(value) {\n    asyncGeneratorStep(gen, resolve, reject, _next, _throw, \"next\", value);\n  }\n  function _throw(err) {\n    asyncGeneratorStep(gen, resolve, reject, _next, _throw, \"throw\", err);\n  }\n  _next(undefined);\n});",
              "err": {},
              "uuid": "822eb87f-a529-4381-b85c-213ab8a51475",
              "parentUUID": "0dd5f527-b541-4225-9642-23cc7f45e1be",
              "isHook": false,
              "skipped": false
            },
            {
              "title": "GET /posts/:id",
              "fullTitle": "User Posts GET /posts/:id",
              "timedOut": false,
              "duration": 241,
              "state": "passed",
              "speed": "slow",
              "pass": true,
              "fail": false,
              "pending": false,
              "context": null,
              "code": "var self = this,\n  args = arguments;\nreturn new Promise(function (resolve, reject) {\n  var gen = fn.apply(self, args);\n  function _next(value) {\n    asyncGeneratorStep(gen, resolve, reject, _next, _throw, \"next\", value);\n  }\n  function _throw(err) {\n    asyncGeneratorStep(gen, resolve, reject, _next, _throw, \"throw\", err);\n  }\n  _next(undefined);\n});",
              "err": {},
              "uuid": "25edd078-375a-4fd2-9ac8-842814cee2c9",
              "parentUUID": "0dd5f527-b541-4225-9642-23cc7f45e1be",
              "isHook": false,
              "skipped": false
            }
          ],
          "suites": [],
          "passes": [
            "822eb87f-a529-4381-b85c-213ab8a51475",
            "25edd078-375a-4fd2-9ac8-842814cee2c9"
          ],
          "failures": [],
          "pending": [],
          "skipped": [],
          "duration": 520,
          "root": false,
          "rootEmpty": false,
          "_timeout": 5000
        },
        {
          "uuid": "4dc6e6d2-d60e-4a79-9f0d-252721944490",
          "title": "User Posts",
          "fullFile": "C:\\Users\\A\\Documents\\Test Automation\\automation with supertest\\test\\6. posts (with async await, hooks, helper and negative cases).js",
          "file": "\\test\\6. posts (with async await, hooks, helper and negative cases).js",
          "beforeHooks": [
            {
              "title": "\"before all\" hook in \"User Posts\"",
              "fullTitle": "User Posts \"before all\" hook in \"User Posts\"",
              "timedOut": false,
              "duration": 267,
              "state": null,
              "speed": null,
              "pass": false,
              "fail": false,
              "pending": false,
              "context": null,
              "code": "var self = this,\n  args = arguments;\nreturn new Promise(function (resolve, reject) {\n  var gen = fn.apply(self, args);\n  function _next(value) {\n    asyncGeneratorStep(gen, resolve, reject, _next, _throw, \"next\", value);\n  }\n  function _throw(err) {\n    asyncGeneratorStep(gen, resolve, reject, _next, _throw, \"throw\", err);\n  }\n  _next(undefined);\n});",
              "err": {},
              "uuid": "c370ce89-a0d4-40c9-9823-1c96d7ffc293",
              "parentUUID": "4dc6e6d2-d60e-4a79-9f0d-252721944490",
              "isHook": true,
              "skipped": false
            }
          ],
          "afterHooks": [],
          "tests": [],
          "suites": [
            {
              "uuid": "22457003-94e4-4278-8273-35e926bbb341",
              "title": "Negative tests",
              "fullFile": "C:\\Users\\A\\Documents\\Test Automation\\automation with supertest\\test\\6. posts (with async await, hooks, helper and negative cases).js",
              "file": "\\test\\6. posts (with async await, hooks, helper and negative cases).js",
              "beforeHooks": [],
              "afterHooks": [],
              "tests": [
                {
                  "title": "401 Auth failed",
                  "fullTitle": "User Posts Negative tests 401 Auth failed",
                  "timedOut": false,
                  "duration": 189,
                  "state": "passed",
                  "speed": "slow",
                  "pass": true,
                  "fail": false,
                  "pending": false,
                  "context": null,
                  "code": "var self = this,\n  args = arguments;\nreturn new Promise(function (resolve, reject) {\n  var gen = fn.apply(self, args);\n  function _next(value) {\n    asyncGeneratorStep(gen, resolve, reject, _next, _throw, \"next\", value);\n  }\n  function _throw(err) {\n    asyncGeneratorStep(gen, resolve, reject, _next, _throw, \"throw\", err);\n  }\n  _next(undefined);\n});",
                  "err": {},
                  "uuid": "1e3184e6-9903-484d-8631-303d6f1423e8",
                  "parentUUID": "22457003-94e4-4278-8273-35e926bbb341",
                  "isHook": false,
                  "skipped": false
                },
                {
                  "title": "422 Validation failed",
                  "fullTitle": "User Posts Negative tests 422 Validation failed",
                  "timedOut": false,
                  "duration": 251,
                  "state": "passed",
                  "speed": "slow",
                  "pass": true,
                  "fail": false,
                  "pending": false,
                  "context": null,
                  "code": "var self = this,\n  args = arguments;\nreturn new Promise(function (resolve, reject) {\n  var gen = fn.apply(self, args);\n  function _next(value) {\n    asyncGeneratorStep(gen, resolve, reject, _next, _throw, \"next\", value);\n  }\n  function _throw(err) {\n    asyncGeneratorStep(gen, resolve, reject, _next, _throw, \"throw\", err);\n  }\n  _next(undefined);\n});",
                  "err": {},
                  "uuid": "8a61a64a-08b8-4472-8815-c5193268342c",
                  "parentUUID": "22457003-94e4-4278-8273-35e926bbb341",
                  "isHook": false,
                  "skipped": false
                }
              ],
              "suites": [],
              "passes": [
                "1e3184e6-9903-484d-8631-303d6f1423e8",
                "8a61a64a-08b8-4472-8815-c5193268342c"
              ],
              "failures": [],
              "pending": [],
              "skipped": [],
              "duration": 440,
              "root": false,
              "rootEmpty": false,
              "_timeout": 5000
            }
          ],
          "passes": [],
          "failures": [],
          "pending": [],
          "skipped": [],
          "duration": 0,
          "root": false,
          "rootEmpty": false,
          "_timeout": 5000
        },
        {
          "uuid": "fa50548f-f0eb-4764-ab49-f4aef2e39b9a",
          "title": "User Posts",
          "fullFile": "C:\\Users\\A\\Documents\\Test Automation\\automation with supertest\\test\\7. posts (with async await, hooks, helper, negative cases and config file and faker and dotenv.js",
          "file": "\\test\\7. posts (with async await, hooks, helper, negative cases and config file and faker and dotenv.js",
          "beforeHooks": [
            {
              "title": "\"before all\" hook in \"User Posts\"",
              "fullTitle": "User Posts \"before all\" hook in \"User Posts\"",
              "timedOut": false,
              "duration": 259,
              "state": null,
              "speed": null,
              "pass": false,
              "fail": false,
              "pending": false,
              "context": null,
              "code": "var self = this,\n  args = arguments;\nreturn new Promise(function (resolve, reject) {\n  var gen = fn.apply(self, args);\n  function _next(value) {\n    asyncGeneratorStep(gen, resolve, reject, _next, _throw, \"next\", value);\n  }\n  function _throw(err) {\n    asyncGeneratorStep(gen, resolve, reject, _next, _throw, \"throw\", err);\n  }\n  _next(undefined);\n});",
              "err": {},
              "uuid": "14d5e26c-3ce5-4cbb-a4b3-86d0d665be1f",
              "parentUUID": "fa50548f-f0eb-4764-ab49-f4aef2e39b9a",
              "isHook": true,
              "skipped": false
            }
          ],
          "afterHooks": [],
          "tests": [],
          "suites": [
            {
              "uuid": "4a5b0d5a-f18a-42bc-b856-1c6d515f7247",
              "title": "Negative tests",
              "fullFile": "C:\\Users\\A\\Documents\\Test Automation\\automation with supertest\\test\\7. posts (with async await, hooks, helper, negative cases and config file and faker and dotenv.js",
              "file": "\\test\\7. posts (with async await, hooks, helper, negative cases and config file and faker and dotenv.js",
              "beforeHooks": [],
              "afterHooks": [],
              "tests": [
                {
                  "title": "401 Auth failed",
                  "fullTitle": "User Posts Negative tests 401 Auth failed",
                  "timedOut": false,
                  "duration": 195,
                  "state": "passed",
                  "speed": "slow",
                  "pass": true,
                  "fail": false,
                  "pending": false,
                  "context": null,
                  "code": "var self = this,\n  args = arguments;\nreturn new Promise(function (resolve, reject) {\n  var gen = fn.apply(self, args);\n  function _next(value) {\n    asyncGeneratorStep(gen, resolve, reject, _next, _throw, \"next\", value);\n  }\n  function _throw(err) {\n    asyncGeneratorStep(gen, resolve, reject, _next, _throw, \"throw\", err);\n  }\n  _next(undefined);\n});",
                  "err": {},
                  "uuid": "20f755bc-d4e0-4f61-8b7f-e25e9f442a1a",
                  "parentUUID": "4a5b0d5a-f18a-42bc-b856-1c6d515f7247",
                  "isHook": false,
                  "skipped": false
                },
                {
                  "title": "422 Validation failed",
                  "fullTitle": "User Posts Negative tests 422 Validation failed",
                  "timedOut": false,
                  "duration": 248,
                  "state": "passed",
                  "speed": "slow",
                  "pass": true,
                  "fail": false,
                  "pending": false,
                  "context": null,
                  "code": "var self = this,\n  args = arguments;\nreturn new Promise(function (resolve, reject) {\n  var gen = fn.apply(self, args);\n  function _next(value) {\n    asyncGeneratorStep(gen, resolve, reject, _next, _throw, \"next\", value);\n  }\n  function _throw(err) {\n    asyncGeneratorStep(gen, resolve, reject, _next, _throw, \"throw\", err);\n  }\n  _next(undefined);\n});",
                  "err": {},
                  "uuid": "abcbc0d0-312e-4210-9db4-fb89b0bcf260",
                  "parentUUID": "4a5b0d5a-f18a-42bc-b856-1c6d515f7247",
                  "isHook": false,
                  "skipped": false
                }
              ],
              "suites": [],
              "passes": [
                "20f755bc-d4e0-4f61-8b7f-e25e9f442a1a",
                "abcbc0d0-312e-4210-9db4-fb89b0bcf260"
              ],
              "failures": [],
              "pending": [],
              "skipped": [],
              "duration": 443,
              "root": false,
              "rootEmpty": false,
              "_timeout": 5000
            }
          ],
          "passes": [],
          "failures": [],
          "pending": [],
          "skipped": [],
          "duration": 0,
          "root": false,
          "rootEmpty": false,
          "_timeout": 5000
        }
      ],
      "passes": [],
      "failures": [],
      "pending": [],
      "skipped": [],
      "duration": 0,
      "root": true,
      "rootEmpty": true,
      "_timeout": 5000
    }
  ],
  "meta": {
    "mocha": {
      "version": "10.2.0"
    },
    "mochawesome": {
      "options": {
        "quiet": false,
        "reportFilename": "mochawesome",
        "saveHtml": true,
        "saveJson": true,
        "consoleReporter": "spec",
        "useInlineDiffs": false,
        "code": true
      },
      "version": "7.1.3"
    },
    "marge": {
      "options": null,
      "version": "6.2.0"
    }
  }
}